# JRE version: OpenJDK Runtime Environment (8.0_202-b03) (build 1.8.0_202-release-1483-b03)
# Java VM: OpenJDK 64-Bit Server VM (25.202-b03 mixed mode windows-amd64 compressed oops)
Heap:
 PSYoungGen      total 346112K, used 208987K [0x00000000e0000000, 0x00000000f6b00000, 0x0000000100000000)
  eden space 322048K, 59% used [0x00000000e0000000,0x00000000ebab5260,0x00000000f3a80000)
  from space 24064K, 73% used [0x00000000f3a80000,0x00000000f4be1b68,0x00000000f5200000)
  to   space 25600K, 0% used [0x00000000f5200000,0x00000000f5200000,0x00000000f6b00000)
 ParOldGen       total 113664K, used 43984K [0x00000000a0000000, 0x00000000a6f00000, 0x00000000e0000000)
  object space 113664K, 38% used [0x00000000a0000000,0x00000000a2af4330,0x00000000a6f00000)
 Metaspace       used 83905K, capacity 87190K, committed 87296K, reserved 1124352K
  class space    used 10849K, capacity 11494K, committed 11520K, reserved 1048576K
GC Heap History (10 events):
Event: 67.502 GC heap before
{Heap before GC invocations=18 (full 3):
 PSYoungGen      total 241664K, used 233963K [0x00000000e0000000, 0x00000000f0900000, 0x0000000100000000)
  eden space 228352K, 100% used [0x00000000e0000000,0x00000000edf00000,0x00000000edf00000)
  from space 13312K, 42% used [0x00000000efc00000,0x00000000f017af68,0x00000000f0900000)
  to   space 21504K, 0% used [0x00000000edf00000,0x00000000edf00000,0x00000000ef400000)
 ParOldGen       total 113664K, used 37333K [0x00000000a0000000, 0x00000000a6f00000, 0x00000000e0000000)
  object space 113664K, 32% used [0x00000000a0000000,0x00000000a2475748,0x00000000a6f00000)
 Metaspace       used 66771K, capacity 68922K, committed 68992K, reserved 1110016K
  class space    used 8808K, capacity 9294K, committed 9344K, reserved 1048576K
Event: 67.517 GC heap after
Heap after GC invocations=18 (full 3):
 PSYoungGen      total 249856K, used 5211K [0x00000000e0000000, 0x00000000f3f80000, 0x0000000100000000)
  eden space 228352K, 0% used [0x00000000e0000000,0x00000000e0000000,0x00000000edf00000)
  from space 21504K, 24% used [0x00000000edf00000,0x00000000ee416f28,0x00000000ef400000)
  to   space 20992K, 0% used [0x00000000f2b00000,0x00000000f2b00000,0x00000000f3f80000)
 ParOldGen       total 113664K, used 37341K [0x00000000a0000000, 0x00000000a6f00000, 0x00000000e0000000)
  object space 113664K, 32% used [0x00000000a0000000,0x00000000a2477748,0x00000000a6f00000)
 Metaspace       used 66771K, capacity 68922K, committed 68992K, reserved 1110016K
  class space    used 8808K, capacity 9294K, committed 9344K, reserved 1048576K
}
Event: 77.569 GC heap before
{Heap before GC invocations=19 (full 3):
 PSYoungGen      total 249856K, used 233563K [0x00000000e0000000, 0x00000000f3f80000, 0x0000000100000000)
  eden space 228352K, 99% used [0x00000000e0000000,0x00000000edefffe0,0x00000000edf00000)
  from space 21504K, 24% used [0x00000000edf00000,0x00000000ee416f28,0x00000000ef400000)
  to   space 20992K, 0% used [0x00000000f2b00000,0x00000000f2b00000,0x00000000f3f80000)
 ParOldGen       total 113664K, used 37341K [0x00000000a0000000, 0x00000000a6f00000, 0x00000000e0000000)
  object space 113664K, 32% used [0x00000000a0000000,0x00000000a2477748,0x00000000a6f00000)
 Metaspace       used 73057K, capacity 75360K, committed 75520K, reserved 1114112K
  class space    used 9477K, capacity 9945K, committed 9984K, reserved 1048576K
Event: 77.615 GC heap after
Heap after GC invocations=19 (full 3):
 PSYoungGen      total 291840K, used 12645K [0x00000000e0000000, 0x00000000f3880000, 0x0000000100000000)
  eden space 278016K, 0% used [0x00000000e0000000,0x00000000e0000000,0x00000000f0f80000)
  from space 13824K, 91% used [0x00000000f2b00000,0x00000000f3759608,0x00000000f3880000)
  to   space 20992K, 0% used [0x00000000f0f80000,0x00000000f0f80000,0x00000000f2400000)
 ParOldGen       total 113664K, used 37349K [0x00000000a0000000, 0x00000000a6f00000, 0x00000000e0000000)
  object space 113664K, 32% used [0x00000000a0000000,0x00000000a2479748,0x00000000a6f00000)
 Metaspace       used 73057K, capacity 75360K, committed 75520K, reserved 1114112K
  class space    used 9477K, capacity 9945K, committed 9984K, reserved 1048576K
}
Event: 83.400 GC heap before
{Heap before GC invocations=20 (full 3):
 PSYoungGen      total 291840K, used 290661K [0x00000000e0000000, 0x00000000f3880000, 0x0000000100000000)
  eden space 278016K, 100% used [0x00000000e0000000,0x00000000f0f80000,0x00000000f0f80000)
  from space 13824K, 91% used [0x00000000f2b00000,0x00000000f3759608,0x00000000f3880000)
  to   space 20992K, 0% used [0x00000000f0f80000,0x00000000f0f80000,0x00000000f2400000)
 ParOldGen       total 113664K, used 37349K [0x00000000a0000000, 0x00000000a6f00000, 0x00000000e0000000)
  object space 113664K, 32% used [0x00000000a0000000,0x00000000a2479748,0x00000000a6f00000)
 Metaspace       used 82838K, capacity 85938K, committed 86272K, reserved 1124352K
  class space    used 10791K, capacity 11396K, committed 11520K, reserved 1048576K
Event: 83.513 GC heap after
Heap after GC invocations=20 (full 3):
 PSYoungGen      total 299008K, used 20980K [0x00000000e0000000, 0x00000000f6b00000, 0x0000000100000000)
  eden space 278016K, 0% used [0x00000000e0000000,0x00000000e0000000,0x00000000f0f80000)
  from space 20992K, 99% used [0x00000000f0f80000,0x00000000f23fd3f0,0x00000000f2400000)
  to   space 25600K, 0% used [0x00000000f5200000,0x00000000f5200000,0x00000000f6b00000)
 ParOldGen       total 113664K, used 40150K [0x00000000a0000000, 0x00000000a6f00000, 0x00000000e0000000)
  object space 113664K, 35% used [0x00000000a0000000,0x00000000a27358f8,0x00000000a6f00000)
 Metaspace       used 82838K, capacity 85938K, committed 86272K, reserved 1124352K
  class space    used 10791K, capacity 11396K, committed 11520K, reserved 1048576K
}
Event: 86.963 GC heap before
{Heap before GC invocations=21 (full 3):
 PSYoungGen      total 299008K, used 298996K [0x00000000e0000000, 0x00000000f6b00000, 0x0000000100000000)
  eden space 278016K, 100% used [0x00000000e0000000,0x00000000f0f80000,0x00000000f0f80000)
  from space 20992K, 99% used [0x00000000f0f80000,0x00000000f23fd3f0,0x00000000f2400000)
  to   space 25600K, 0% used [0x00000000f5200000,0x00000000f5200000,0x00000000f6b00000)
 ParOldGen       total 113664K, used 40150K [0x00000000a0000000, 0x00000000a6f00000, 0x00000000e0000000)
  object space 113664K, 35% used [0x00000000a0000000,0x00000000a27358f8,0x00000000a6f00000)
 Metaspace       used 83452K, capacity 86702K, committed 86784K, reserved 1124352K
  class space    used 10826K, capacity 11450K, committed 11520K, reserved 1048576K
Event: 87.047 GC heap after
Heap after GC invocations=21 (full 3):
 PSYoungGen      total 347648K, used 11067K [0x00000000e0000000, 0x00000000f6b00000, 0x0000000100000000)
  eden space 322048K, 0% used [0x00000000e0000000,0x00000000e0000000,0x00000000f3a80000)
  from space 25600K, 43% used [0x00000000f5200000,0x00000000f5cceca8,0x00000000f6b00000)
  to   space 24064K, 0% used [0x00000000f3a80000,0x00000000f3a80000,0x00000000f5200000)
 ParOldGen       total 113664K, used 43976K [0x00000000a0000000, 0x00000000a6f00000, 0x00000000e0000000)
  object space 113664K, 38% used [0x00000000a0000000,0x00000000a2af2330,0x00000000a6f00000)
 Metaspace       used 83452K, capacity 86702K, committed 86784K, reserved 1124352K
  class space    used 10826K, capacity 11450K, committed 11520K, reserved 1048576K
}
Event: 89.666 GC heap before
{Heap before GC invocations=22 (full 3):
 PSYoungGen      total 347648K, used 333115K [0x00000000e0000000, 0x00000000f6b00000, 0x0000000100000000)
  eden space 322048K, 100% used [0x00000000e0000000,0x00000000f3a80000,0x00000000f3a80000)
  from space 25600K, 43% used [0x00000000f5200000,0x00000000f5cceca8,0x00000000f6b00000)
  to   space 24064K, 0% used [0x00000000f3a80000,0x00000000f3a80000,0x00000000f5200000)
 ParOldGen       total 113664K, used 43976K [0x00000000a0000000, 0x00000000a6f00000, 0x00000000e0000000)
  object space 113664K, 38% used [0x00000000a0000000,0x00000000a2af2330,0x00000000a6f00000)
 Metaspace       used 83779K, capacity 87058K, committed 87296K, reserved 1124352K
  class space    used 10833K, capacity 11456K, committed 11520K, reserved 1048576K
Event: 89.718 GC heap after
Heap after GC invocations=22 (full 3):
 PSYoungGen      total 346112K, used 17798K [0x00000000e0000000, 0x00000000f6b00000, 0x0000000100000000)
  eden space 322048K, 0% used [0x00000000e0000000,0x00000000e0000000,0x00000000f3a80000)
  from space 24064K, 73% used [0x00000000f3a80000,0x00000000f4be1b68,0x00000000f5200000)
  to   space 25600K, 0% used [0x00000000f5200000,0x00000000f5200000,0x00000000f6b00000)
 ParOldGen       total 113664K, used 43984K [0x00000000a0000000, 0x00000000a6f00000, 0x00000000e0000000)
  object space 113664K, 38% used [0x00000000a0000000,0x00000000a2af4330,0x00000000a6f00000)
 Metaspace       used 83779K, capacity 87058K, committed 87296K, reserved 1124352K
  class space    used 10833K, capacity 11456K, committed 11520K, reserved 1048576K
}

